{
  "0 debug pnpm:scope": {
    "selected": 1
  },
  "1 debug pnpm:package-manifest": {
    "initial": {
      "dependencies": {
        "0x": "^4.10.2",
        "@fsouza/prettierd": "^0.9.3",
        "@khanacademy/flow-to-ts": "^0.1.9",
        "babel-plugin-reflow": "^0.5.6",
        "create": "^0.0.2",
        "create-next-app": "^10.2.3",
        "depcheck": "^1.4.1",
        "devmoji": "^2.3.0",
        "dockerfile-language-server-nodejs": "^0.3.0",
        "esbuild": "^0.8.57",
        "esbuild-runner": "^1.4.0",
        "eslint_d": "^10.1.3",
        "lua-fmt": "^2.6.0",
        "markdownlint-cli": "^0.26.0",
        "neovim": "^4.10.0",
        "notion-enhancer": "^0.10.2",
        "npm": "^7.18.1",
        "pnpm": "^5.18.9",
        "prettier": "^2.3.1",
        "remarkable": "^2.0.1",
        "splashcii": "^1.1.1",
        "stylelint": "^13.13.1",
        "ts-node": "^9.1.1",
        "typescript": "^4.3.4",
        "typesync": "^0.8.0",
        "ultra-runner": "^3.10.5",
        "vls": "^0.7.4",
        "vsce": "^1.93.0",
        "yarn": "^1.22.10"
      }
    },
    "prefix": "/Users/folke/.pnpm-global/4"
  },
  "2 debug pnpm:context": {
    "currentLockfileExists": true,
    "storeDir": "/Users/folke/.pnpm-store/v3",
    "virtualStoreDir": "/Users/folke/.pnpm-global/4/node_modules/.pnpm"
  },
  "3 debug pnpm:stage": {
    "prefix": "/Users/folke/.pnpm-global/4",
    "stage": "resolution_started"
  },
  "4 debug pnpm:_dependency_resolved": {
    "resolution": "registry.npmjs.org/@fsouza/prettierd/0.9.3",
    "wanted": {
      "dependentId": ".",
      "name": "@fsouza/prettierd",
      "rawSpec": "^0.9.3"
    }
  },
  "5 debug pnpm:_dependency_resolved": {
    "resolution": "registry.npmjs.org/0x/4.10.2",
    "wanted": {
      "dependentId": ".",
      "name": "0x",
      "rawSpec": "^4.10.2"
    }
  },
  "6 debug pnpm:_dependency_resolved": {
    "resolution": "registry.npmjs.org/babel-plugin-reflow/0.5.6",
    "wanted": {
      "dependentId": ".",
      "name": "babel-plugin-reflow",
      "rawSpec": "^0.5.6"
    }
  },
  "7 debug pnpm:_dependency_resolved": {
    "resolution": "registry.npmjs.org/@khanacademy/flow-to-ts/0.1.9",
    "wanted": {
      "dependentId": ".",
      "name": "@khanacademy/flow-to-ts",
      "rawSpec": "^0.1.9"
    }
  },
  "8 debug pnpm:_dependency_resolved": {
    "resolution": "registry.npmjs.org/depcheck/1.4.1",
    "wanted": {
      "dependentId": ".",
      "name": "depcheck",
      "rawSpec": "^1.4.1"
    }
  },
  "9 debug pnpm:_dependency_resolved": {
    "resolution": "registry.npmjs.org/create-next-app/10.2.3",
    "wanted": {
      "dependentId": ".",
      "name": "create-next-app",
      "rawSpec": "^10.2.3"
    }
  },
  "10 debug pnpm:_dependency_resolved": {
    "resolution": "registry.npmjs.org/create/0.0.2",
    "wanted": {
      "dependentId": ".",
      "name": "create",
      "rawSpec": "^0.0.2"
    }
  },
  "11 debug pnpm:_dependency_resolved": {
    "resolution": "registry.npmjs.org/devmoji/2.3.0",
    "wanted": {
      "dependentId": ".",
      "name": "devmoji",
      "rawSpec": "^2.3.0"
    }
  },
  "12 debug pnpm:_dependency_resolved": {
    "resolution": "registry.npmjs.org/esbuild/0.8.57",
    "wanted": {
      "dependentId": ".",
      "name": "esbuild",
      "rawSpec": "^0.8.57"
    }
  },
  "13 debug pnpm:_dependency_resolved": {
    "resolution": "registry.npmjs.org/eslint_d/10.1.3",
    "wanted": {
      "dependentId": ".",
      "name": "eslint_d",
      "rawSpec": "^10.1.3"
    }
  },
  "14 debug pnpm:_dependency_resolved": {
    "resolution": "registry.npmjs.org/dockerfile-language-server-nodejs/0.3.0",
    "wanted": {
      "dependentId": ".",
      "name": "dockerfile-language-server-nodejs",
      "rawSpec": "^0.3.0"
    }
  },
  "15 debug pnpm:_dependency_resolved": {
    "resolution": "registry.npmjs.org/lua-fmt/2.6.0",
    "wanted": {
      "dependentId": ".",
      "name": "lua-fmt",
      "rawSpec": "^2.6.0"
    }
  },
  "16 debug pnpm:_dependency_resolved": {
    "resolution": "registry.npmjs.org/esbuild-runner/1.4.0",
    "wanted": {
      "dependentId": ".",
      "name": "esbuild-runner",
      "rawSpec": "^1.4.0"
    }
  },
  "17 debug pnpm:_dependency_resolved": {
    "resolution": "registry.npmjs.org/markdownlint-cli/0.26.0",
    "wanted": {
      "dependentId": ".",
      "name": "markdownlint-cli",
      "rawSpec": "^0.26.0"
    }
  },
  "18 debug pnpm:_dependency_resolved": {
    "resolution": "registry.npmjs.org/notion-enhancer/0.10.2",
    "wanted": {
      "dependentId": ".",
      "name": "notion-enhancer",
      "rawSpec": "^0.10.2"
    }
  },
  "19 debug pnpm:_dependency_resolved": {
    "resolution": "registry.npmjs.org/pnpm/5.18.9",
    "wanted": {
      "dependentId": ".",
      "name": "pnpm",
      "rawSpec": "^5.18.9"
    }
  },
  "20 debug pnpm:_dependency_resolved": {
    "resolution": "registry.npmjs.org/prettier/2.3.1",
    "wanted": {
      "dependentId": ".",
      "name": "prettier",
      "rawSpec": "^2.3.1"
    }
  },
  "21 debug pnpm:_dependency_resolved": {
    "resolution": "registry.npmjs.org/neovim/4.10.0",
    "wanted": {
      "dependentId": ".",
      "name": "neovim",
      "rawSpec": "^4.10.0"
    }
  },
  "22 debug pnpm:_dependency_resolved": {
    "resolution": "registry.npmjs.org/npm/7.18.1",
    "wanted": {
      "dependentId": ".",
      "name": "npm",
      "rawSpec": "^7.18.1"
    }
  },
  "23 debug pnpm:_dependency_resolved": {
    "resolution": "registry.npmjs.org/remarkable/2.0.1",
    "wanted": {
      "dependentId": ".",
      "name": "remarkable",
      "rawSpec": "^2.0.1"
    }
  },
  "24 debug pnpm:_dependency_resolved": {
    "resolution": "registry.npmjs.org/splashcii/1.1.1",
    "wanted": {
      "dependentId": ".",
      "name": "splashcii",
      "rawSpec": "^1.1.1"
    }
  },
  "25 debug pnpm:_dependency_resolved": {
    "resolution": "registry.npmjs.org/stylelint/13.13.1",
    "wanted": {
      "dependentId": ".",
      "name": "stylelint",
      "rawSpec": "^13.13.1"
    }
  },
  "26 debug pnpm:_dependency_resolved": {
    "resolution": "registry.npmjs.org/ts-node/9.1.1",
    "wanted": {
      "dependentId": ".",
      "name": "ts-node",
      "rawSpec": "^9.1.1"
    }
  },
  "27 debug pnpm:_dependency_resolved": {
    "resolution": "registry.npmjs.org/ultra-runner/3.10.5",
    "wanted": {
      "dependentId": ".",
      "name": "ultra-runner",
      "rawSpec": "^3.10.5"
    }
  },
  "28 debug pnpm:_dependency_resolved": {
    "resolution": "registry.npmjs.org/typescript/4.3.4",
    "wanted": {
      "dependentId": ".",
      "name": "typescript",
      "rawSpec": "^4.3.4"
    }
  },
  "29 debug pnpm:_dependency_resolved": {
    "resolution": "registry.npmjs.org/vls/0.7.4",
    "wanted": {
      "dependentId": ".",
      "name": "vls",
      "rawSpec": "^0.7.4"
    }
  },
  "30 debug pnpm:_dependency_resolved": {
    "resolution": "registry.npmjs.org/vsce/1.93.0",
    "wanted": {
      "dependentId": ".",
      "name": "vsce",
      "rawSpec": "^1.93.0"
    }
  },
  "31 debug pnpm:_dependency_resolved": {
    "resolution": "registry.npmjs.org/typesync/0.8.0",
    "wanted": {
      "dependentId": ".",
      "name": "typesync",
      "rawSpec": "^0.8.0"
    }
  },
  "32 debug pnpm:_dependency_resolved": {
    "resolution": "registry.npmjs.org/yarn/1.22.10",
    "wanted": {
      "dependentId": ".",
      "name": "yarn",
      "rawSpec": "^1.22.10"
    }
  },
  "33 debug pnpm:progress": {
    "packageId": "registry.npmjs.org/babel-plugin-reflow/0.5.6",
    "requester": "/Users/folke/.pnpm-global/4",
    "status": "resolved"
  },
  "34 debug pnpm:progress": {
    "packageId": "registry.npmjs.org/babel-plugin-reflow/0.5.6",
    "requester": "/Users/folke/.pnpm-global/4",
    "status": "found_in_store"
  },
  "35 debug pnpm:progress": {
    "packageId": "registry.npmjs.org/@fsouza/prettierd/0.9.3",
    "requester": "/Users/folke/.pnpm-global/4",
    "status": "resolved"
  },
  "36 debug pnpm:progress": {
    "packageId": "registry.npmjs.org/@fsouza/prettierd/0.9.3",
    "requester": "/Users/folke/.pnpm-global/4",
    "status": "found_in_store"
  },
  "37 debug pnpm:progress": {
    "packageId": "registry.npmjs.org/0x/4.10.2",
    "requester": "/Users/folke/.pnpm-global/4",
    "status": "resolved"
  },
  "38 debug pnpm:progress": {
    "packageId": "registry.npmjs.org/0x/4.10.2",
    "requester": "/Users/folke/.pnpm-global/4",
    "status": "found_in_store"
  },
  "39 debug pnpm:progress": {
    "packageId": "registry.npmjs.org/depcheck/1.4.1",
    "requester": "/Users/folke/.pnpm-global/4",
    "status": "resolved"
  },
  "40 debug pnpm:progress": {
    "packageId": "registry.npmjs.org/depcheck/1.4.1",
    "requester": "/Users/folke/.pnpm-global/4",
    "status": "found_in_store"
  },
  "41 debug pnpm:progress": {
    "packageId": "registry.npmjs.org/@khanacademy/flow-to-ts/0.1.9",
    "requester": "/Users/folke/.pnpm-global/4",
    "status": "resolved"
  },
  "42 debug pnpm:progress": {
    "packageId": "registry.npmjs.org/@khanacademy/flow-to-ts/0.1.9",
    "requester": "/Users/folke/.pnpm-global/4",
    "status": "found_in_store"
  },
  "43 debug pnpm:progress": {
    "packageId": "registry.npmjs.org/create-next-app/10.2.3",
    "requester": "/Users/folke/.pnpm-global/4",
    "status": "resolved"
  },
  "44 debug pnpm:progress": {
    "packageId": "registry.npmjs.org/create-next-app/10.2.3",
    "requester": "/Users/folke/.pnpm-global/4",
    "status": "found_in_store"
  },
  "45 warn pnpm:install-check": {
    "message": "Unsupported engine for registry.npmjs.org/create/0.0.2: wanted: {\"node\":\">= 0.4.0 && < 0.7.0\"} (current: {\"node\":\"v16.3.0\",\"pnpm\":\"5.18.9\"})",
    "prefix": "/Users/folke/.pnpm-global/4"
  },
  "46 debug pnpm:progress": {
    "packageId": "registry.npmjs.org/create/0.0.2",
    "requester": "/Users/folke/.pnpm-global/4",
    "status": "resolved"
  },
  "47 debug pnpm:progress": {
    "packageId": "registry.npmjs.org/create/0.0.2",
    "requester": "/Users/folke/.pnpm-global/4",
    "status": "found_in_store"
  },
  "48 debug pnpm:progress": {
    "packageId": "registry.npmjs.org/esbuild/0.8.57",
    "requester": "/Users/folke/.pnpm-global/4",
    "status": "resolved"
  },
  "49 debug pnpm:progress": {
    "packageId": "registry.npmjs.org/esbuild/0.8.57",
    "requester": "/Users/folke/.pnpm-global/4",
    "status": "found_in_store"
  },
  "50 debug pnpm:progress": {
    "packageId": "registry.npmjs.org/devmoji/2.3.0",
    "requester": "/Users/folke/.pnpm-global/4",
    "status": "resolved"
  },
  "51 debug pnpm:progress": {
    "packageId": "registry.npmjs.org/devmoji/2.3.0",
    "requester": "/Users/folke/.pnpm-global/4",
    "status": "found_in_store"
  },
  "52 debug pnpm:progress": {
    "packageId": "registry.npmjs.org/dockerfile-language-server-nodejs/0.3.0",
    "requester": "/Users/folke/.pnpm-global/4",
    "status": "resolved"
  },
  "53 debug pnpm:progress": {
    "packageId": "registry.npmjs.org/dockerfile-language-server-nodejs/0.3.0",
    "requester": "/Users/folke/.pnpm-global/4",
    "status": "found_in_store"
  },
  "54 debug pnpm:progress": {
    "packageId": "registry.npmjs.org/eslint_d/10.1.3",
    "requester": "/Users/folke/.pnpm-global/4",
    "status": "resolved"
  },
  "55 debug pnpm:progress": {
    "packageId": "registry.npmjs.org/eslint_d/10.1.3",
    "requester": "/Users/folke/.pnpm-global/4",
    "status": "found_in_store"
  },
  "56 debug pnpm:progress": {
    "packageId": "registry.npmjs.org/lua-fmt/2.6.0",
    "requester": "/Users/folke/.pnpm-global/4",
    "status": "resolved"
  },
  "57 debug pnpm:progress": {
    "packageId": "registry.npmjs.org/lua-fmt/2.6.0",
    "requester": "/Users/folke/.pnpm-global/4",
    "status": "found_in_store"
  },
  "58 debug pnpm:progress": {
    "packageId": "registry.npmjs.org/markdownlint-cli/0.26.0",
    "requester": "/Users/folke/.pnpm-global/4",
    "status": "resolved"
  },
  "59 debug pnpm:progress": {
    "packageId": "registry.npmjs.org/markdownlint-cli/0.26.0",
    "requester": "/Users/folke/.pnpm-global/4",
    "status": "found_in_store"
  },
  "60 debug pnpm:progress": {
    "packageId": "registry.npmjs.org/notion-enhancer/0.10.2",
    "requester": "/Users/folke/.pnpm-global/4",
    "status": "resolved"
  },
  "61 debug pnpm:progress": {
    "packageId": "registry.npmjs.org/notion-enhancer/0.10.2",
    "requester": "/Users/folke/.pnpm-global/4",
    "status": "found_in_store"
  },
  "62 debug pnpm:progress": {
    "packageId": "registry.npmjs.org/esbuild-runner/1.4.0",
    "requester": "/Users/folke/.pnpm-global/4",
    "status": "resolved"
  },
  "63 debug pnpm:progress": {
    "packageId": "registry.npmjs.org/esbuild-runner/1.4.0",
    "requester": "/Users/folke/.pnpm-global/4",
    "status": "found_in_store"
  },
  "64 debug pnpm:progress": {
    "packageId": "registry.npmjs.org/neovim/4.10.0",
    "requester": "/Users/folke/.pnpm-global/4",
    "status": "resolved"
  },
  "65 debug pnpm:progress": {
    "packageId": "registry.npmjs.org/neovim/4.10.0",
    "requester": "/Users/folke/.pnpm-global/4",
    "status": "found_in_store"
  },
  "66 debug pnpm:progress": {
    "packageId": "registry.npmjs.org/pnpm/5.18.9",
    "requester": "/Users/folke/.pnpm-global/4",
    "status": "resolved"
  },
  "67 debug pnpm:progress": {
    "packageId": "registry.npmjs.org/pnpm/5.18.9",
    "requester": "/Users/folke/.pnpm-global/4",
    "status": "found_in_store"
  },
  "68 debug pnpm:progress": {
    "packageId": "registry.npmjs.org/prettier/2.3.1",
    "requester": "/Users/folke/.pnpm-global/4",
    "status": "resolved"
  },
  "69 debug pnpm:progress": {
    "packageId": "registry.npmjs.org/prettier/2.3.1",
    "requester": "/Users/folke/.pnpm-global/4",
    "status": "found_in_store"
  },
  "70 debug pnpm:progress": {
    "packageId": "registry.npmjs.org/remarkable/2.0.1",
    "requester": "/Users/folke/.pnpm-global/4",
    "status": "resolved"
  },
  "71 debug pnpm:progress": {
    "packageId": "registry.npmjs.org/remarkable/2.0.1",
    "requester": "/Users/folke/.pnpm-global/4",
    "status": "found_in_store"
  },
  "72 debug pnpm:progress": {
    "packageId": "registry.npmjs.org/splashcii/1.1.1",
    "requester": "/Users/folke/.pnpm-global/4",
    "status": "resolved"
  },
  "73 debug pnpm:progress": {
    "packageId": "registry.npmjs.org/splashcii/1.1.1",
    "requester": "/Users/folke/.pnpm-global/4",
    "status": "found_in_store"
  },
  "74 debug pnpm:progress": {
    "packageId": "registry.npmjs.org/npm/7.18.1",
    "requester": "/Users/folke/.pnpm-global/4",
    "status": "resolved"
  },
  "75 debug pnpm:progress": {
    "packageId": "registry.npmjs.org/npm/7.18.1",
    "requester": "/Users/folke/.pnpm-global/4",
    "status": "found_in_store"
  },
  "76 debug pnpm:progress": {
    "packageId": "registry.npmjs.org/ts-node/9.1.1",
    "requester": "/Users/folke/.pnpm-global/4",
    "status": "resolved"
  },
  "77 debug pnpm:progress": {
    "packageId": "registry.npmjs.org/ts-node/9.1.1",
    "requester": "/Users/folke/.pnpm-global/4",
    "status": "found_in_store"
  },
  "78 debug pnpm:progress": {
    "packageId": "registry.npmjs.org/stylelint/13.13.1",
    "requester": "/Users/folke/.pnpm-global/4",
    "status": "resolved"
  },
  "79 debug pnpm:progress": {
    "packageId": "registry.npmjs.org/stylelint/13.13.1",
    "requester": "/Users/folke/.pnpm-global/4",
    "status": "found_in_store"
  },
  "80 debug pnpm:progress": {
    "packageId": "registry.npmjs.org/ultra-runner/3.10.5",
    "requester": "/Users/folke/.pnpm-global/4",
    "status": "resolved"
  },
  "81 debug pnpm:progress": {
    "packageId": "registry.npmjs.org/ultra-runner/3.10.5",
    "requester": "/Users/folke/.pnpm-global/4",
    "status": "found_in_store"
  },
  "82 debug pnpm:progress": {
    "packageId": "registry.npmjs.org/vls/0.7.4",
    "requester": "/Users/folke/.pnpm-global/4",
    "status": "resolved"
  },
  "83 debug pnpm:progress": {
    "packageId": "registry.npmjs.org/vls/0.7.4",
    "requester": "/Users/folke/.pnpm-global/4",
    "status": "found_in_store"
  },
  "84 debug pnpm:progress": {
    "packageId": "registry.npmjs.org/vsce/1.93.0",
    "requester": "/Users/folke/.pnpm-global/4",
    "status": "resolved"
  },
  "85 debug pnpm:progress": {
    "packageId": "registry.npmjs.org/vsce/1.93.0",
    "requester": "/Users/folke/.pnpm-global/4",
    "status": "found_in_store"
  },
  "86 debug pnpm:progress": {
    "packageId": "registry.npmjs.org/typescript/4.3.4",
    "requester": "/Users/folke/.pnpm-global/4",
    "status": "resolved"
  },
  "87 debug pnpm:progress": {
    "packageId": "registry.npmjs.org/typescript/4.3.4",
    "requester": "/Users/folke/.pnpm-global/4",
    "status": "found_in_store"
  },
  "88 debug pnpm:progress": {
    "packageId": "registry.npmjs.org/yarn/1.22.10",
    "requester": "/Users/folke/.pnpm-global/4",
    "status": "resolved"
  },
  "89 debug pnpm:progress": {
    "packageId": "registry.npmjs.org/yarn/1.22.10",
    "requester": "/Users/folke/.pnpm-global/4",
    "status": "found_in_store"
  },
  "90 debug pnpm:progress": {
    "packageId": "registry.npmjs.org/typesync/0.8.0",
    "requester": "/Users/folke/.pnpm-global/4",
    "status": "resolved"
  },
  "91 debug pnpm:progress": {
    "packageId": "registry.npmjs.org/typesync/0.8.0",
    "requester": "/Users/folke/.pnpm-global/4",
    "status": "found_in_store"
  },
  "92 error pnpm": {
    "message": {
      "code": "ERR_PNPM_FETCH_404",
      "hint": "prettierd is not in the npm registry, or you have no permission to fetch it.\n\nNo authorization header was set for the request.",
      "request": {
        "url": "https://registry.npmjs.org/prettierd"
      },
      "response": {
        "size": 0,
        "timeout": 0
      },
      "pkgName": "prettierd",
      "pkgsStack": []
    },
    "err": {
      "name": "Error",
      "message": "GET https://registry.npmjs.org/prettierd: Not Found - 404",
      "code": "ERR_PNPM_FETCH_404",
      "stack": "Error: GET https://registry.npmjs.org/prettierd: Not Found - 404\n    at RetryOperation._fn (/Users/folke/.pnpm-global/4/node_modules/.pnpm/pnpm@5.18.9/node_modules/pnpm/dist/pnpm.js:72764:16)\n    at processTicksAndRejections (node:internal/process/task_queues:96:5)"
    }
  }
}