0x0160000E
0x01800032
0x01600032
0x01600032
0x01600032
0x01600032
0x01600032
0x01600032
0x01600032
0x01600032
0x01600032
0x01600032
0x01600032
0x01600032
0x01600032
0x01600032
0x01600032
0x016000F0
0x016000F0
0x01600032
0x01E0000E
0x02E00001
0x02E00001
0x02E00001
0x016000AD
0x016000AD
0x016000AD
0x016000AD
0x016000AD
0x01A0002D
0x02400001
0x01A00082
0x01A0002D
0x01A00082
0x01A00082
0x01A00082
0x01A00082
0x01A000D3
0x01A00082
0x0180009B
0x0200000E
0x0180000E
0x01800181
0x01800181
0x01800181
0x018001BA
0x01800181
0x01800034
0x01800067
0x01800034
0x02C00001
0x01800051
0x01A0002D
0x02400001
0x02400001
0x01600010
0x01600010
0x01600045
0x01600045
0x01600045
0x01600048
0x0160004B
0x01600048
0x01800018
0x01800018
0x01800018
0x01800018
0x01800018
0x01800018
0x01800018
0x02400001
0x0180000E
0x01800021
0x01800021
0x01A00017
0x02800001
0x01A00063
0x01A00063
0x01A00069
0x01A00066
0x01A0006F
0x01A00072
0x01A00072
0x01A00066
0x01A0008B
0x01A0008B
0x01A0008B
0x01A0008B
0x0180000E
0x01800040
0x01800023
0x01800049
0x0180005E
0x0200000E
0x02800021
0x02800021
0x02800021
0x02800078
0x02800021
0x0180004D
0x0180004D
0x01A00067
0x01A00067
0x00A00031
